[      91ms] [INFO] %cBROWSER_MOD 2.9.0 IS INSTALLED
    %cBrowserID: browser_mod_b1825aa4_752c9308 color: green; font-weight: bold  @ http://localhost:8123/browser_mod.js?2.9.0:610
[     480ms] [ERROR] Failed to load resource: the server responded with a status of 404 (Not Found) @ http://localhost:8123/local/crop_planner/2026-05-13_211230_generate_plant_image.png:0
[     480ms] [ERROR] Failed to load resource: the server responded with a status of 404 (Not Found) @ http://localhost:8123/local/crop_planner/2026-05-13_211649_generate_plant_image.png:0
[     592ms] [ERROR] Failed to load resource: the server responded with a status of 404 (Not Found) @ http://localhost:8123/local/crop_planner/2026-05-14_225838_generate_plant_image.png:0
[     594ms] [ERROR] Failed to load resource: the server responded with a status of 404 (Not Found) @ http://localhost:8123/local/crop_planner/2026-05-13_211230_generate_plant_image.png:0
[     594ms] [ERROR] Failed to load resource: the server responded with a status of 404 (Not Found) @ http://localhost:8123/local/crop_planner/2026-05-13_211649_generate_plant_image.png:0
[  100085ms] [ERROR] Failed to load resource: the server responded with a status of 404 (Not Found) @ http://localhost:8123/local/crop_planner/2026-05-13_211230_generate_plant_image.png:0
[  100090ms] [ERROR] Failed to load resource: the server responded with a status of 404 (Not Found) @ http://localhost:8123/local/crop_planner/2026-05-13_211649_generate_plant_image.png:0
[  100093ms] [ERROR] Failed to load resource: the server responded with a status of 404 (Not Found) @ http://localhost:8123/local/crop_planner/2026-05-14_225838_generate_plant_image.png:0
[  100468ms] TypeError: Cannot read properties of null (reading 'dialog')
    at HTMLElement.<anonymous> (http://localhost:8123/frontend_latest/app.951f6409e38cc425.js:64:41941)
    at CropPlannerAddDialog._close (http://localhost:5000/crop-planner-card.js:549:10)
    at CropPlannerAddDialog.onClose (http://localhost:5000/crop-planner-card.js:587:14)
    at z.handleEvent (http://localhost:5000/crop-planner-card.js:19:6663)
    at r (http://localhost:8123/frontend_latest/app.951f6409e38cc425.js:2:41738)
    at m._handleAfterHide (http://localhost:8123/frontend_latest/30002.6633df523ea6714d.js:16:1498)
    at B.handleEvent (http://localhost:8123/frontend_latest/app.951f6409e38cc425.js:91:132552)
    at D.requestClose (http://localhost:8123/frontend_latest/83113.25d1050e84f28c5e.js:2:1431)
[  100624ms] [ERROR] Failed to load resource: the server responded with a status of 404 (Not Found) @ http://localhost:8123/unknown/node_modules/lit-html/src/lit-html.ts:0
[  100634ms] [ERROR] Failed to load resource: the server responded with a status of 404 (Not Found) @ http://localhost:8123/unknown/node_modules/@home-assistant/webawesome/dist/components/dialog/dialog.js:0
