[      56ms] [INFO] %cBROWSER_MOD 2.9.0 IS INSTALLED
    %cBrowserID: browser_mod_b1825aa4_752c9308 color: green; font-weight: bold  @ http://localhost:8123/browser_mod.js?2.9.0:610
[     518ms] [ERROR] Failed to load resource: the server responded with a status of 404 (Not Found) @ http://localhost:8123/local/crop_planner/2026-05-13_211230_generate_plant_image.png:0
[     518ms] [ERROR] Failed to load resource: the server responded with a status of 404 (Not Found) @ http://localhost:8123/local/crop_planner/2026-05-13_211649_generate_plant_image.png:0
[     542ms] [ERROR] Failed to load resource: the server responded with a status of 404 (Not Found) @ http://localhost:8123/local/crop_planner/2026-05-14_225838_generate_plant_image.png:0
[     542ms] [ERROR] Failed to load resource: the server responded with a status of 404 (Not Found) @ http://localhost:8123/local/crop_planner/2026-05-14_230551_generate_plant_image.png:0
[   72420ms] TypeError: Cannot read properties of null (reading 'dialog')
    at HTMLElement.<anonymous> (http://localhost:8123/frontend_latest/app.951f6409e38cc425.js:64:41941)
    at CropPlannerAddDialog._submit (http://localhost:5000/crop-planner-card.js:568:10)
[   72440ms] [ERROR] Failed to load resource: the server responded with a status of 404 (Not Found) @ http://localhost:8123/local/crop_planner/2026-05-13_211230_generate_plant_image.png:0
[   72441ms] [ERROR] Failed to load resource: the server responded with a status of 404 (Not Found) @ http://localhost:8123/local/crop_planner/2026-05-13_211649_generate_plant_image.png:0
[   72441ms] [ERROR] Failed to load resource: the server responded with a status of 404 (Not Found) @ http://localhost:8123/local/crop_planner/2026-05-14_225838_generate_plant_image.png:0
[   72441ms] [ERROR] Failed to load resource: the server responded with a status of 404 (Not Found) @ http://localhost:8123/local/crop_planner/2026-05-14_230551_generate_plant_image.png:0
[   72461ms] [ERROR] Failed to load resource: the server responded with a status of 404 (Not Found) @ http://localhost:8123/local/crop_planner/2026-05-13_211230_generate_plant_image.png:0
[   72461ms] [ERROR] Failed to load resource: the server responded with a status of 404 (Not Found) @ http://localhost:8123/local/crop_planner/2026-05-13_211649_generate_plant_image.png:0
[   72462ms] [ERROR] Failed to load resource: the server responded with a status of 404 (Not Found) @ http://localhost:8123/local/crop_planner/2026-05-14_225838_generate_plant_image.png:0
[   72462ms] [ERROR] Failed to load resource: the server responded with a status of 404 (Not Found) @ http://localhost:8123/local/crop_planner/2026-05-14_230551_generate_plant_image.png:0
[  141117ms] [ERROR] Failed to load resource: the server responded with a status of 401 (Unauthorized) @ http://localhost:8123/api/states:0
[  584936ms] [INFO] %cBROWSER_MOD 2.9.0 IS INSTALLED
    %cBrowserID: browser_mod_b1825aa4_752c9308 color: green; font-weight: bold  @ http://localhost:8123/browser_mod.js?2.9.0:610
[  585410ms] [ERROR] Failed to load resource: the server responded with a status of 404 (Not Found) @ http://localhost:8123/local/crop_planner/2026-05-13_211230_generate_plant_image.png:0
[  585410ms] [ERROR] Failed to load resource: the server responded with a status of 404 (Not Found) @ http://localhost:8123/local/crop_planner/2026-05-13_211649_generate_plant_image.png:0
[  585410ms] [ERROR] Failed to load resource: the server responded with a status of 404 (Not Found) @ http://localhost:8123/local/crop_planner/2026-05-14_225838_generate_plant_image.png:0
[  585410ms] [ERROR] Failed to load resource: the server responded with a status of 404 (Not Found) @ http://localhost:8123/local/crop_planner/2026-05-14_230551_generate_plant_image.png:0
[  629204ms] [INFO] %cBROWSER_MOD 2.9.0 IS INSTALLED
    %cBrowserID: browser_mod_b1825aa4_752c9308 color: green; font-weight: bold  @ http://localhost:8123/browser_mod.js?2.9.0:610
[  629658ms] [ERROR] Failed to load resource: the server responded with a status of 404 (Not Found) @ http://localhost:8123/local/crop_planner/2026-05-13_211230_generate_plant_image.png:0
[  629658ms] [ERROR] Failed to load resource: the server responded with a status of 404 (Not Found) @ http://localhost:8123/local/crop_planner/2026-05-13_211649_generate_plant_image.png:0
[  629658ms] [ERROR] Failed to load resource: the server responded with a status of 404 (Not Found) @ http://localhost:8123/local/crop_planner/2026-05-14_225838_generate_plant_image.png:0
[  629658ms] [ERROR] Failed to load resource: the server responded with a status of 404 (Not Found) @ http://localhost:8123/local/crop_planner/2026-05-14_230551_generate_plant_image.png:0
